<!DOCTYPE html>
<html>
<head>
    <title>Unittest Results</title>
    <meta charset="utf-8">
    <meta name="viewport" content="width=device-width, initial-scale=1.0">
    <link rel="stylesheet" href="https://maxcdn.bootstrapcdn.com/bootstrap/3.3.6/css/bootstrap.min.css" integrity="sha384-1q8mTJOASx8j1Au+a5WDVnPi2lkFfwwEAa8hDDdjZlpLegxhjVME1fgjWPGmkzs7" crossorigin="anonymous">
</head>
<body>
    <div class="container">
        <div class="row">
            <div class="col-xs-12">
                <h2 class="text-capitalize">Unittest Results</h2>
                <p class='attribute'><strong>Start Time: </strong>2022-12-04 21:12:02</p>
                <p class='attribute'><strong>Duration: </strong>64.47 s</p>
                <p class='attribute'><strong>Summary: </strong>Total: 7, Pass: 5, Fail: 1, Error: 1</p>
            </div>
        </div>
        <div class="row">
            <div class="col-xs-12 col-sm-10 col-md-10">
                <table class='table table-hover table-responsive'>
                    <thead>
                        <tr>
                            <th>__main__.LoginPage</th>
                            <th>Status</th>
                            <th></th>
                        </tr>
                    </thead>
                    <tbody>
                        <tr class='success'>
                            <td class="col-xs-10">test_login_forgotten_pass_invalid_email</td>
                            <td class="col-xs-1">
                                <span class="label label-success" style="display:block;width:40px;">Pass</span>
                            </td>
                            <td class="col-xs-1">
                            </td>
                        </tr>
                        <tr class='warning'>
                            <td class="col-xs-10">test_login_forgotten_pass_valid_email</td>
                            <td class="col-xs-1">
                                <span class="label label-warning" style="display:block;width:40px;">Error</span>
                            </td>
                            <td class="col-xs-1">
                                <button class="btn btn-default btn-xs">View</button>
                            </td>
                        </tr>
                        <tr style="display:none;">
                            <td class="col-xs-9" colspan="3"><p style="color:maroon;">NoSuchElementException: Message: no such element: Unable to locate element: {"method":"xpath","selector":"/html/body/div[7]/div[1]/div[1]/div[1]/div[1]/div/div[2]/div/div"}
  (Session info: MicrosoftEdge=107.0.1418.62)
Stacktrace:
Backtrace:
	Microsoft::Applications::Events::EventProperties::SetProperty [0x00007FF75B898552+9986]
	Microsoft::Applications::Events::EventProperty::EventProperty [0x00007FF75B835D82+1445234]
	Ordinal0 [0x00007FF75B41FC8C+654476]
	Ordinal0 [0x00007FF75B4636C2+931522]
	Ordinal0 [0x00007FF75B463B10+932624]
	Ordinal0 [0x00007FF75B49FC17+1178647]
	Ordinal0 [0x00007FF75B483BDF+1063903]
	Ordinal0 [0x00007FF75B455FF4+876532]
	Ordinal0 [0x00007FF75B49CF70+1167216]
	Ordinal0 [0x00007FF75B4839B3+1063347]
	Ordinal0 [0x00007FF75B45506A+872554]
	Ordinal0 [0x00007FF75B45402E+868398]
	Ordinal0 [0x00007FF75B45570F+874255]
	Microsoft::Applications::Events::EventProperty::EventProperty [0x00007FF75B6F6108+135416]
	Microsoft::Applications::Events::EventProperty::EventProperty [0x00007FF75B6E02CF+45759]
	Microsoft::Applications::Events::EventProperty::EventProperty [0x00007FF75B6E374C+59196]
	Ordinal0 [0x00007FF75B52B1F4+1749492]
	Microsoft::Applications::Events::EventProperty::EventProperty [0x00007FF75B83B67A+1468010]
	Microsoft::Applications::Events::EventProperty::EventProperty [0x00007FF75B83FF14+1486596]
	Microsoft::Applications::Events::EventProperty::EventProperty [0x00007FF75B84006D+1486941]
	Microsoft::Applications::Events::EventProperty::EventProperty [0x00007FF75B847E2B+1519131]
	BaseThreadInitThunk [0x00007FFCBF2174B4+20]
	RtlUserThreadStart [0x00007FFCC12026A1+33]
</p><p style="color:maroon;">Traceback (most recent call last):
  File "C:\Users\Me\PycharmProjects\unnittestProject\unit_test_grabo\login_unit_tests.py", line 57, in test_login_forgotten_pass_valid_email
    result_popup = self.driver.find_element(By.XPATH, base_data["forgotten_pass_popup_valid_email"])
  File "C:\Users\Me\PycharmProjects\unnittestProject\venv\lib\site-packages\selenium\webdriver\remote\webdriver.py", line 861, in find_element
    return self.execute(Command.FIND_ELEMENT, {"using": by, "value": value})["value"]
  File "C:\Users\Me\PycharmProjects\unnittestProject\venv\lib\site-packages\selenium\webdriver\remote\webdriver.py", line 444, in execute
    self.error_handler.check_response(response)
  File "C:\Users\Me\PycharmProjects\unnittestProject\venv\lib\site-packages\selenium\webdriver\remote\errorhandler.py", line 249, in check_response
    raise exception_class(message, screen, stacktrace)
selenium.common.exceptions.NoSuchElementException: Message: no such element: Unable to locate element: {"method":"xpath","selector":"/html/body/div[7]/div[1]/div[1]/div[1]/div[1]/div/div[2]/div/div"}
  (Session info: MicrosoftEdge=107.0.1418.62)
Stacktrace:
Backtrace:
	Microsoft::Applications::Events::EventProperties::SetProperty [0x00007FF75B898552+9986]
	Microsoft::Applications::Events::EventProperty::EventProperty [0x00007FF75B835D82+1445234]
	Ordinal0 [0x00007FF75B41FC8C+654476]
	Ordinal0 [0x00007FF75B4636C2+931522]
	Ordinal0 [0x00007FF75B463B10+932624]
	Ordinal0 [0x00007FF75B49FC17+1178647]
	Ordinal0 [0x00007FF75B483BDF+1063903]
	Ordinal0 [0x00007FF75B455FF4+876532]
	Ordinal0 [0x00007FF75B49CF70+1167216]
	Ordinal0 [0x00007FF75B4839B3+1063347]
	Ordinal0 [0x00007FF75B45506A+872554]
	Ordinal0 [0x00007FF75B45402E+868398]
	Ordinal0 [0x00007FF75B45570F+874255]
	Microsoft::Applications::Events::EventProperty::EventProperty [0x00007FF75B6F6108+135416]
	Microsoft::Applications::Events::EventProperty::EventProperty [0x00007FF75B6E02CF+45759]
	Microsoft::Applications::Events::EventProperty::EventProperty [0x00007FF75B6E374C+59196]
	Ordinal0 [0x00007FF75B52B1F4+1749492]
	Microsoft::Applications::Events::EventProperty::EventProperty [0x00007FF75B83B67A+1468010]
	Microsoft::Applications::Events::EventProperty::EventProperty [0x00007FF75B83FF14+1486596]
	Microsoft::Applications::Events::EventProperty::EventProperty [0x00007FF75B84006D+1486941]
	Microsoft::Applications::Events::EventProperty::EventProperty [0x00007FF75B847E2B+1519131]
	BaseThreadInitThunk [0x00007FFCBF2174B4+20]
	RtlUserThreadStart [0x00007FFCC12026A1+33]

</p>
                            </td>
                        </tr>
                        <tr class='success'>
                            <td class="col-xs-10">test_login_invalid_email</td>
                            <td class="col-xs-1">
                                <span class="label label-success" style="display:block;width:40px;">Pass</span>
                            </td>
                            <td class="col-xs-1">
                            </td>
                        </tr>
                        <tr class='success'>
                            <td class="col-xs-10">test_login_invalid_password</td>
                            <td class="col-xs-1">
                                <span class="label label-success" style="display:block;width:40px;">Pass</span>
                            </td>
                            <td class="col-xs-1">
                            </td>
                        </tr>
                        <tr class='success'>
                            <td class="col-xs-10">test_login_missing_email</td>
                            <td class="col-xs-1">
                                <span class="label label-success" style="display:block;width:40px;">Pass</span>
                            </td>
                            <td class="col-xs-1">
                            </td>
                        </tr>
                        <tr class='success'>
                            <td class="col-xs-10">test_login_missing_password</td>
                            <td class="col-xs-1">
                                <span class="label label-success" style="display:block;width:40px;">Pass</span>
                            </td>
                            <td class="col-xs-1">
                            </td>
                        </tr>
                        <tr class='danger'>
                            <td class="col-xs-10">test_login_valid_data</td>
                            <td class="col-xs-1">
                                <span class="label label-danger" style="display:block;width:40px;">Fail</span>
                            </td>
                            <td class="col-xs-1">
                                <button class="btn btn-default btn-xs">View</button>
                            </td>
                        </tr>
                        <tr style="display:none;">
                            <td class="col-xs-9" colspan="3"><p style="color:maroon;">AssertionError: False is not true</p><p style="color:maroon;">Traceback (most recent call last):
  File "C:\Users\Me\PycharmProjects\unnittestProject\unit_test_grabo\login_unit_tests.py", line 21, in test_login_valid_data
    self.assertTrue(
AssertionError: False is not true
</p>
                            </td>
                        </tr>
                        <tr>
                            <td colspan="3">
                                Total: 7, Pass: 5, Fail: 1, Error: 1 -- Duration: 64.47 s
                            </td>
                        </tr>
                    </tbody>
                </table>
            </div>
        </div>
    </div>
    <script src="https://ajax.googleapis.com/ajax/libs/jquery/2.2.4/jquery.min.js"></script>
    <script type="text/javascript">
        $(document).ready(function(){
            $('td').on('click', '.btn', function(e){
                e.preventDefault();
                e.stopImmediatePropagation();
                var $this = $(this);
                var $nextRow = $this.closest('tr').next('tr');
                $nextRow.slideToggle("fast");
                $this.text(function(i, text){
                    if (text === 'View') {
                        return 'Hide';
                    } else {
                        return 'View';
                    };
                });
            });
        });
    </script>
</body>
</html